1472917904 -11:51:44 -0 -ipcServer::ipcServer params
Port:      58015
Logfile:   C:/PULSAR/Projects/PPI/PoweredRail/Eval_Board_SOC/m2s010-som-fg484-1a-116-Rev1a_c/synthesis/ipc_tcp_microsemi_srv.log
Reconnect: 0
Use ipv6:  0

1472918934 -12:08:54 -0 -ipcServer::ipcServer params
Port:      58015
Logfile:   C:/PULSAR/Projects/PPI/PoweredRail/Eval_Board_SOC/m2s010-som-fg484-1a-116-Rev1a_c/synthesis/ipc_tcp_microsemi_srv.log
Reconnect: 0
Use ipv6:  0

1472919677 -12:21:17 -0 -ipcServer::ipcServer params
Port:      58015
Logfile:   C:/PULSAR/Projects/PPI/PoweredRail/Eval_Board_SOC/m2s010-som-fg484-1a-116-Rev1a_c/synthesis/ipc_tcp_microsemi_srv.log
Reconnect: 0
Use ipv6:  0

1472919947 -12:25:47 -0 -ipcServer::ipcServer params
Port:      58015
Logfile:   C:/PULSAR/Projects/PPI/PoweredRail/Eval_Board_SOC/m2s010-som-fg484-1a-116-Rev1a_c/synthesis/ipc_tcp_microsemi_srv.log
Reconnect: 0
Use ipv6:  0

1472935871 -16:51:11 -0 -ipcServer::ipcServer params
Port:      58015
Logfile:   C:/PULSAR/Projects/PPI/PoweredRail/Eval_Board_SOC/m2s010-som-fg484-1a-116-Rev1a_c/synthesis/ipc_tcp_microsemi_srv.log
Reconnect: 0
Use ipv6:  0

1472936469 -17:01:09 -0 -ipcServer::ipcServer params
Port:      58015
Logfile:   C:/PULSAR/Projects/PPI/PoweredRail/Eval_Board_SOC/m2s010-som-fg484-1a-116-Rev1a_c/synthesis/ipc_tcp_microsemi_srv.log
Reconnect: 0
Use ipv6:  0

1472937700 -17:21:40 -0 -ipcServer::ipcServer params
Port:      58015
Logfile:   C:/PULSAR/Projects/PPI/PoweredRail/Eval_Board_SOC/m2s010-som-fg484-1a-116-Rev1a_c/synthesis/ipc_tcp_microsemi_srv.log
Reconnect: 0
Use ipv6:  0

1472940505 -18:08:25 -0 -ipcServer::ipcServer params
Port:      58015
Logfile:   C:/PULSAR/Projects/PPI/PoweredRail/Eval_Board_SOC/m2s010-som-fg484-1a-116-Rev1a_c/synthesis/ipc_tcp_microsemi_srv.log
Reconnect: 0
Use ipv6:  0

1472941594 -18:26:34 -0 -ipcServer::ipcServer params
Port:      58015
Logfile:   C:/PULSAR/Projects/PPI/PoweredRail/Eval_Board_SOC/m2s010-som-fg484-1a-116-Rev1a_c/synthesis/ipc_tcp_microsemi_srv.log
Reconnect: 0
Use ipv6:  0

1472955192 -22:13:12 -0 -ipcServer::ipcServer params
Port:      58015
Logfile:   C:/PULSAR/Projects/PPI/PoweredRail/Eval_Board_SOC/m2s010-som-fg484-1a-116-Rev1a_c/synthesis/ipc_tcp_microsemi_srv.log
Reconnect: 0
Use ipv6:  0

1472955702 -22:21:42 -0 -ipcServer::ipcServer params
Port:      58015
Logfile:   C:/PULSAR/Projects/PPI/PoweredRail/Eval_Board_SOC/m2s010-som-fg484-1a-116-Rev1a_c/synthesis/ipc_tcp_microsemi_srv.log
Reconnect: 0
Use ipv6:  0

1472991290 -08:14:50 -0 -ipcServer::ipcServer params
Port:      58015
Logfile:   C:/PULSAR/Projects/PPI/PoweredRail/Eval_Board_SOC/m2s010-som-fg484-1a-116-Rev1a_c/synthesis/ipc_tcp_microsemi_srv.log
Reconnect: 0
Use ipv6:  0

1473531884 -14:24:44 -0 -ipcServer::ipcServer params
Port:      58015
Logfile:   C:/PULSAR/Projects/PPI/PoweredRail/Eval_Board_SOC/m2s010-som-fg484-1a-116-Rev1a_c_TxCol/synthesis/ipc_tcp_microsemi_srv.log
Reconnect: 0
Use ipv6:  0

1473532531 -14:35:31 -0 -ipcServer::ipcServer params
Port:      58015
Logfile:   C:/PULSAR/Projects/PPI/PoweredRail/Eval_Board_SOC/m2s010-som-fg484-1a-116-Rev1a_c_TxCol/synthesis/ipc_tcp_microsemi_srv.log
Reconnect: 0
Use ipv6:  0

1473533439 -14:50:39 -0 -ipcServer::ipcServer params
Port:      58015
Logfile:   C:/PULSAR/Projects/PPI/PoweredRail/Eval_Board_SOC/m2s010-som-fg484-1a-116-Rev1a_c_TxCol/synthesis/ipc_tcp_microsemi_srv.log
Reconnect: 0
Use ipv6:  0

1473598408 -08:53:28 -0 -ipcServer::ipcServer params
Port:      58015
Logfile:   C:/PULSAR/Projects/PPI/PoweredRail/Eval_Board_SOC/m2s010-som-fg484-1a-116-Rev1a_c_TxCol/synthesis/ipc_tcp_microsemi_srv.log
Reconnect: 0
Use ipv6:  0

1473710106 -15:55:06 -0 -ipcServer::ipcServer params
Port:      58015
Logfile:   C:/PULSAR/Projects/PPI/PoweredRail/Eval_Board_SOC/m2s010-som-fg484-1a-116-Rev1a_d_TxCol/synthesis/ipc_tcp_microsemi_srv.log
Reconnect: 0
Use ipv6:  0

1473710708 -16:05:08 -0 -ipcServer::ipcServer params
Port:      58015
Logfile:   C:/PULSAR/Projects/PPI/PoweredRail/Eval_Board_SOC/m2s010-som-fg484-1a-116-Rev1a_d_TxCol/synthesis/ipc_tcp_microsemi_srv.log
Reconnect: 0
Use ipv6:  0

1473711135 -16:12:15 -0 -ipcServer::ipcServer params
Port:      58015
Logfile:   C:/PULSAR/Projects/PPI/PoweredRail/Eval_Board_SOC/m2s010-som-fg484-1a-116-Rev1a_d_TxCol/synthesis/ipc_tcp_microsemi_srv.log
Reconnect: 0
Use ipv6:  0

1473713354 -16:49:14 -0 -ipcServer::ipcServer params
Port:      58015
Logfile:   C:/PULSAR/Projects/PPI/PoweredRail/Eval_Board_SOC/m2s010-som-fg484-1a-116-Rev1a_d_TxCol/synthesis/ipc_tcp_microsemi_srv.log
Reconnect: 0
Use ipv6:  0

1473714143 -17:02:23 -0 -ipcServer::ipcServer params
Port:      58015
Logfile:   C:/PULSAR/Projects/PPI/PoweredRail/Eval_Board_SOC/m2s010-som-fg484-1a-116-Rev1a_d_TxCol/synthesis/ipc_tcp_microsemi_srv.log
Reconnect: 0
Use ipv6:  0

1473715948 -17:32:28 -0 -ReadSocket return B
1473715948 -17:32:28 -0 -... is coming from ipcServer::ReadFromSocket
1473716918 -17:48:38 -0 -ReadSocket return B
1473716918 -17:48:38 -0 -... is coming from ipcServer::ReadFromSocket
1473874615 -13:36:55 -10054 -ReadSocket return A
1473874615 -13:36:55 -10054 -... is coming from ipcServer::ReadFromSocket
1473874617 -13:36:57 -10054 -ReadSocket return A
1473874617 -13:36:57 -10054 -... is coming from ipcServer::ReadFromSocket
1473874626 -13:37:06 -10054 -ReadSocket return A
1473874626 -13:37:06 -10054 -... is coming from ipcServer::ReadFromSocket
1473876624 -14:10:24 -0 -ipcServer::ipcServer params
Port:      58015
Logfile:   C:/PULSAR/Projects/PPI/PoweredRail/Eval_Board_SOC/m2s010-som-fg484-1a-116-Rev1a_d_TxCol/synthesis/ipc_tcp_microsemi_srv.log
Reconnect: 0
Use ipv6:  0

1473879307 -14:55:07 -0 -ipcServer::ipcServer params
Port:      58015
Logfile:   C:/PULSAR/Projects/PPI/PoweredRail/Eval_Board_SOC/m2s010-som-fg484-1a-116-Rev1a_d_TxCol/synthesis/ipc_tcp_microsemi_srv.log
Reconnect: 0
Use ipv6:  0

1473880082 -15:08:02 -0 -ipcServer::ipcServer params
Port:      58015
Logfile:   C:/PULSAR/Projects/PPI/PoweredRail/Eval_Board_SOC/m2s010-som-fg484-1a-116-Rev1a_d_TxCol/synthesis/ipc_tcp_microsemi_srv.log
Reconnect: 0
Use ipv6:  0

1474117033 -08:57:13 -0 -ipcServer::ipcServer params
Port:      58015
Logfile:   C:/PULSAR/Projects/PPI/PoweredRail/Eval_Board_SOC/m2s010-som-fg484-1a-116-Rev1a_d_TxCol/synthesis/ipc_tcp_microsemi_srv.log
Reconnect: 0
Use ipv6:  0

1474118848 -09:27:28 -0 -ipcServer::ipcServer params
Port:      58015
Logfile:   C:/PULSAR/Projects/PPI/PoweredRail/Eval_Board_SOC/m2s010-som-fg484-1a-116-Rev1a_d_TxCol/synthesis/ipc_tcp_microsemi_srv.log
Reconnect: 0
Use ipv6:  0

1474118887 -09:28:07 -0 -ipcServer::ipcServer params
Port:      58015
Logfile:   C:/PULSAR/Projects/PPI/PoweredRail/Eval_Board_SOC/m2s010-som-fg484-1a-116-Rev1a_d_TxCol/synthesis/ipc_tcp_microsemi_srv.log
Reconnect: 0
Use ipv6:  0

1474121363 -10:09:23 -0 -ipcServer::ipcServer params
Port:      58015
Logfile:   C:/PULSAR/Projects/PPI/PoweredRail/Eval_Board_SOC/m2s010-som-fg484-1a-116-Rev1a_d_TxCol/synthesis/ipc_tcp_microsemi_srv.log
Reconnect: 0
Use ipv6:  0

1474122274 -10:24:34 -0 -ipcServer::ipcServer params
Port:      58015
Logfile:   C:/PULSAR/Projects/PPI/PoweredRail/Eval_Board_SOC/m2s010-som-fg484-1a-116-Rev1a_d_TxCol/synthesis/ipc_tcp_microsemi_srv.log
Reconnect: 0
Use ipv6:  0

1474123899 -10:51:39 -0 -ipcServer::ipcServer params
Port:      58015
Logfile:   C:/PULSAR/Projects/PPI/PoweredRail/Eval_Board_SOC/m2s010-som-fg484-1a-116-Rev1a_d_TxCol/synthesis/ipc_tcp_microsemi_srv.log
Reconnect: 0
Use ipv6:  0

1474125460 -11:17:40 -0 -ipcServer::ipcServer params
Port:      58015
Logfile:   C:/PULSAR/Projects/PPI/PoweredRail/Eval_Board_SOC/m2s010-som-fg484-1a-116-Rev1a_d_TxCol/synthesis/ipc_tcp_microsemi_srv.log
Reconnect: 0
Use ipv6:  0

1474127942 -11:59:02 -0 -ipcServer::ipcServer params
Port:      58015
Logfile:   C:/PULSAR/Projects/PPI/PoweredRail/Eval_Board_SOC/m2s010-som-fg484-1a-116-Rev1a_d_TxCol/synthesis/ipc_tcp_microsemi_srv.log
Reconnect: 0
Use ipv6:  0

1474130633 -12:43:53 -0 -ipcServer::ipcServer params
Port:      58015
Logfile:   C:/PULSAR/Projects/PPI/PoweredRail/Eval_Board_SOC/m2s010-som-fg484-1a-116-Rev1a_d_TxCol/synthesis/ipc_tcp_microsemi_srv.log
Reconnect: 0
Use ipv6:  0

1474420372 -21:12:52 -0 -ipcServer::ipcServer params
Port:      58015
Logfile:   C:/PULSAR/Projects/PPI/PoweredRail/Eval_Board_SOC/m2s010-som-fg484-1a-116-Rev1a_e/synthesis/ipc_tcp_microsemi_srv.log
Reconnect: 0
Use ipv6:  0

1474424091 -22:14:51 -0 -ipcServer::ipcServer params
Port:      58015
Logfile:   C:/PULSAR/Projects/PPI/PoweredRail/Eval_Board_SOC/m2s010-som-fg484-1a-116-Rev1a_e/synthesis/ipc_tcp_microsemi_srv.log
Reconnect: 0
Use ipv6:  0

1474899581 -10:19:41 -0 -ipcServer::ipcServer params
Port:      58015
Logfile:   C:/PULSAR/Projects/PPI/PoweredRail/Eval_Board_SOC/m2s010-som-fg484-1a-116-Rev1a_e/synthesis/ipc_tcp_microsemi_srv.log
Reconnect: 0
Use ipv6:  0

1474907072 -12:24:32 -0 -ipcServer::ipcServer params
Port:      58015
Logfile:   C:/PULSAR/Projects/PPI/PoweredRail/Eval_Board_SOC/m2s010-som-fg484-1a-116-Rev1a_e/synthesis/ipc_tcp_microsemi_srv.log
Reconnect: 0
Use ipv6:  0

1474907187 -12:26:27 -10054 -ReadSocket return A
1474907187 -12:26:27 -10054 -... is coming from ipcServer::ReadFromSocket
1474910257 -13:17:37 -0 -ipcServer::ipcServer params
Port:      58015
Logfile:   C:/PULSAR/Projects/PPI/PoweredRail/Eval_Board_SOC/m2s010-som-fg484-1a-116-Rev1a_e/synthesis/ipc_tcp_microsemi_srv.log
Reconnect: 0
Use ipv6:  0

1474912548 -13:55:48 -0 -ipcServer::ipcServer params
Port:      58015
Logfile:   C:/PULSAR/Projects/PPI/PoweredRail/Eval_Board_SOC/m2s010-som-fg484-1a-116-Rev1a_e/synthesis/ipc_tcp_microsemi_srv.log
Reconnect: 0
Use ipv6:  0

1474920602 -16:10:02 -0 -ipcServer::ipcServer params
Port:      58015
Logfile:   C:/PULSAR/Projects/PPI/PoweredRail/Eval_Board_SOC/m2s010-som-fg484-1a-116-Rev1a_e/synthesis/ipc_tcp_microsemi_srv.log
Reconnect: 0
Use ipv6:  0

1474922460 -16:41:00 -0 -ipcServer::ipcServer params
Port:      58015
Logfile:   C:/PULSAR/Projects/PPI/PoweredRail/Eval_Board_SOC/m2s010-som-fg484-1a-116-Rev1a_e/synthesis/ipc_tcp_microsemi_srv.log
Reconnect: 0
Use ipv6:  0

1474987556 -10:45:56 -0 -ipcServer::ipcServer params
Port:      58015
Logfile:   C:/PULSAR/Projects/PPI/PoweredRail/Eval_Board_SOC/m2s010-som-fg484-1a-116-Rev1a_e/synthesis/ipc_tcp_microsemi_srv.log
Reconnect: 0
Use ipv6:  0

1484407807 -10:30:07 -0 -ipcServer::ipcServer params
Port:      58015
Logfile:   C:/PULSAR/Projects/PPI/PoweredRail/Common_Module_SOC/CommonModule_Rev1_2/synthesis/ipc_tcp_microsemi_srv.log
Reconnect: 0
Use ipv6:  0

1484500743 -12:19:03 -0 -ipcServer::ipcServer params
Port:      58015
Logfile:   C:/PULSAR/Projects/PPI/PoweredRail/Common_Module_SOC/CommonModule_Rev1_2/synthesis/ipc_tcp_microsemi_srv.log
Reconnect: 0
Use ipv6:  0

1484501757 -12:35:57 -0 -ipcServer::ipcServer params
Port:      58015
Logfile:   C:/PULSAR/Projects/PPI/PoweredRail/Common_Module_SOC/CommonModule_Rev1_2/synthesis/ipc_tcp_microsemi_srv.log
Reconnect: 0
Use ipv6:  0

1484502510 -12:48:30 -0 -ipcServer::ipcServer params
Port:      58015
Logfile:   C:/PULSAR/Projects/PPI/PoweredRail/Common_Module_SOC/CommonModule_Rev1_2/synthesis/ipc_tcp_microsemi_srv.log
Reconnect: 0
Use ipv6:  0

1485785402 -09:10:02 -0 -ipcServer::ipcServer params
Port:      58015
Logfile:   C:/PULSAR/Projects/PPI/PoweredRail/Common_Module_SOC/CommonModule_Rev1_3/synthesis/ipc_tcp_microsemi_srv.log
Reconnect: 0
Use ipv6:  0

1485788249 -09:57:29 -0 -ipcServer::ipcServer params
Port:      58015
Logfile:   C:/PULSAR/Projects/PPI/PoweredRail/Common_Module_SOC/CommonModule_Rev1_3/synthesis/ipc_tcp_microsemi_srv.log
Reconnect: 0
Use ipv6:  0

1485790655 -10:37:35 -0 -ipcServer::ipcServer params
Port:      58015
Logfile:   C:/PULSAR/Projects/PPI/PoweredRail/Common_Module_SOC/CommonModule_Rev1_3/synthesis/ipc_tcp_microsemi_srv.log
Reconnect: 0
Use ipv6:  0

1485791777 -10:56:17 -0 -ipcServer::ipcServer params
Port:      58015
Logfile:   C:/PULSAR/Projects/PPI/PoweredRail/Common_Module_SOC/CommonModule_Rev1_3/synthesis/ipc_tcp_microsemi_srv.log
Reconnect: 0
Use ipv6:  0

1485897741 -16:22:21 -0 -ipcServer::ipcServer params
Port:      58015
Logfile:   C:/PULSAR/Projects/PPI/PoweredRail/Common_Module_SOC/CommonModule_Rev1_3/synthesis/ipc_tcp_microsemi_srv.log
Reconnect: 0
Use ipv6:  0

1485903735 -18:02:15 -0 -ipcServer::ipcServer params
Port:      58015
Logfile:   C:/PULSAR/Projects/PPI/PoweredRail/Common_Module_SOC/CommonModule_Rev1_3/synthesis/ipc_tcp_microsemi_srv.log
Reconnect: 0
Use ipv6:  0

1486221519 -10:18:39 -0 -ipcServer::ipcServer params
Port:      58015
Logfile:   C:/PULSAR/Projects/PPI/PoweredRail/Common_Module_SOC/CommonModule_Rev1_3/synthesis/ipc_tcp_microsemi_srv.log
Reconnect: 0
Use ipv6:  0

1486224241 -11:04:01 -0 -ipcServer::ipcServer params
Port:      58015
Logfile:   C:/PULSAR/Projects/PPI/PoweredRail/Common_Module_SOC/CommonModule_Rev1_3/synthesis/ipc_tcp_microsemi_srv.log
Reconnect: 0
Use ipv6:  0

1486226625 -11:43:45 -0 -ipcServer::ipcServer params
Port:      58015
Logfile:   C:/PULSAR/Projects/PPI/PoweredRail/Common_Module_SOC/CommonModule_Rev1_3/synthesis/ipc_tcp_microsemi_srv.log
Reconnect: 0
Use ipv6:  0

1486228611 -12:16:51 -0 -ipcServer::ipcServer params
Port:      58015
Logfile:   C:/PULSAR/Projects/PPI/PoweredRail/Common_Module_SOC/CommonModule_Rev1_3/synthesis/ipc_tcp_microsemi_srv.log
Reconnect: 0
Use ipv6:  0

1486229593 -12:33:13 -0 -ipcServer::ipcServer params
Port:      58015
Logfile:   C:/PULSAR/Projects/PPI/PoweredRail/Common_Module_SOC/CommonModule_Rev1_3/synthesis/ipc_tcp_microsemi_srv.log
Reconnect: 0
Use ipv6:  0

1486229744 -12:35:44 -0 -ipcServer::ipcServer params
Port:      58015
Logfile:   C:/PULSAR/Projects/PPI/PoweredRail/Common_Module_SOC/CommonModule_Rev1_3/synthesis/ipc_tcp_microsemi_srv.log
Reconnect: 0
Use ipv6:  0

1486231184 -12:59:44 -0 -ipcServer::ipcServer params
Port:      58015
Logfile:   C:/PULSAR/Projects/PPI/PoweredRail/Common_Module_SOC/CommonModule_Rev1_3/synthesis/ipc_tcp_microsemi_srv.log
Reconnect: 0
Use ipv6:  0

1486233348 -13:35:48 -0 -ipcServer::ipcServer params
Port:      58015
Logfile:   C:/PULSAR/Projects/PPI/PoweredRail/Common_Module_SOC/CommonModule_Rev1_3/synthesis/ipc_tcp_microsemi_srv.log
Reconnect: 0
Use ipv6:  0

1486234903 -14:01:43 -0 -ipcServer::ipcServer params
Port:      58015
Logfile:   C:/PULSAR/Projects/PPI/PoweredRail/Common_Module_SOC/CommonModule_Rev1_3/synthesis/ipc_tcp_microsemi_srv.log
Reconnect: 0
Use ipv6:  0

1486250427 -18:20:27 -0 -ipcServer::ipcServer params
Port:      58015
Logfile:   C:/PULSAR/Projects/PPI/PoweredRail/Common_Module_SOC/CommonModule_Rev1_3/synthesis/ipc_tcp_microsemi_srv.log
Reconnect: 0
Use ipv6:  0

1486394584 -10:23:04 -0 -ipcServer::ipcServer params
Port:      58015
Logfile:   C:/PULSAR/Projects/PPI/PoweredRail/Common_Module_SOC/CommonModule_Rev1_3/synthesis/ipc_tcp_microsemi_srv.log
Reconnect: 0
Use ipv6:  0

